# JRE version: Java(TM) SE Runtime Environment (8.0_221-b11) (build 1.8.0_221-b11)
# Java VM: Java HotSpot(TM) 64-Bit Server VM (25.221-b11 mixed mode windows-amd64 compressed oops)
Heap:
 PSYoungGen      total 90112K, used 42452K [0x00000000d5e00000, 0x00000000e1900000, 0x0000000100000000)
  eden space 84992K, 43% used [0x00000000d5e00000,0x00000000d8275518,0x00000000db100000)
  from space 5120K, 99% used [0x00000000de000000,0x00000000de4ffd88,0x00000000de500000)
  to   space 53248K, 0% used [0x00000000de500000,0x00000000de500000,0x00000000e1900000)
 ParOldGen       total 171520K, used 112973K [0x0000000081a00000, 0x000000008c180000, 0x00000000d5e00000)
  object space 171520K, 65% used [0x0000000081a00000,0x0000000088853428,0x000000008c180000)
 Metaspace       used 4009K, capacity 5296K, committed 5376K, reserved 1056768K
  class space    used 408K, capacity 488K, committed 512K, reserved 1048576K
GC Heap History (10 events):
Event: 1.092 GC heap before
{Heap before GC invocations=3 (full 0):
 PSYoungGen      total 71680K, used 71664K [0x00000000d5e00000, 0x00000000da900000, 0x0000000100000000)
  eden space 66560K, 100% used [0x00000000d5e00000,0x00000000d9f00000,0x00000000d9f00000)
  from space 5120K, 99% used [0x00000000da400000,0x00000000da8fc010,0x00000000da900000)
  to   space 5120K, 0% used [0x00000000d9f00000,0x00000000d9f00000,0x00000000da400000)
 ParOldGen       total 87552K, used 29531K [0x0000000081a00000, 0x0000000086f80000, 0x00000000d5e00000)
  object space 87552K, 33% used [0x0000000081a00000,0x00000000836d6c70,0x0000000086f80000)
 Metaspace       used 3717K, capacity 5136K, committed 5376K, reserved 1056768K
  class space    used 386K, capacity 456K, committed 512K, reserved 1048576K
Event: 1.116 GC heap after
Heap after GC invocations=3 (full 0):
 PSYoungGen      total 71680K, used 5104K [0x00000000d5e00000, 0x00000000dea00000, 0x0000000100000000)
  eden space 66560K, 0% used [0x00000000d5e00000,0x00000000d5e00000,0x00000000d9f00000)
  from space 5120K, 99% used [0x00000000d9f00000,0x00000000da3fc010,0x00000000da400000)
  to   space 5120K, 0% used [0x00000000de500000,0x00000000de500000,0x00000000dea00000)
 ParOldGen       total 87552K, used 66051K [0x0000000081a00000, 0x0000000086f80000, 0x00000000d5e00000)
  object space 87552K, 75% used [0x0000000081a00000,0x0000000085a80da8,0x0000000086f80000)
 Metaspace       used 3717K, capacity 5136K, committed 5376K, reserved 1056768K
  class space    used 386K, capacity 456K, committed 512K, reserved 1048576K
}
Event: 1.116 GC heap before
{Heap before GC invocations=4 (full 1):
 PSYoungGen      total 71680K, used 5104K [0x00000000d5e00000, 0x00000000dea00000, 0x0000000100000000)
  eden space 66560K, 0% used [0x00000000d5e00000,0x00000000d5e00000,0x00000000d9f00000)
  from space 5120K, 99% used [0x00000000d9f00000,0x00000000da3fc010,0x00000000da400000)
  to   space 5120K, 0% used [0x00000000de500000,0x00000000de500000,0x00000000dea00000)
 ParOldGen       total 87552K, used 66051K [0x0000000081a00000, 0x0000000086f80000, 0x00000000d5e00000)
  object space 87552K, 75% used [0x0000000081a00000,0x0000000085a80da8,0x0000000086f80000)
 Metaspace       used 3717K, capacity 5136K, committed 5376K, reserved 1056768K
  class space    used 386K, capacity 456K, committed 512K, reserved 1048576K
Event: 1.641 GC heap after
Heap after GC invocations=4 (full 1):
 PSYoungGen      total 71680K, used 0K [0x00000000d5e00000, 0x00000000dea00000, 0x0000000100000000)
  eden space 66560K, 0% used [0x00000000d5e00000,0x00000000d5e00000,0x00000000d9f00000)
  from space 5120K, 0% used [0x00000000d9f00000,0x00000000d9f00000,0x00000000da400000)
  to   space 5120K, 0% used [0x00000000de500000,0x00000000de500000,0x00000000dea00000)
 ParOldGen       total 171520K, used 70231K [0x0000000081a00000, 0x000000008c180000, 0x00000000d5e00000)
  object space 171520K, 40% used [0x0000000081a00000,0x0000000085e95e30,0x000000008c180000)
 Metaspace       used 3717K, capacity 5136K, committed 5376K, reserved 1056768K
  class space    used 386K, capacity 456K, committed 512K, reserved 1048576K
}
Event: 2.042 GC heap before
{Heap before GC invocations=5 (full 1):
 PSYoungGen      total 71680K, used 66560K [0x00000000d5e00000, 0x00000000dea00000, 0x0000000100000000)
  eden space 66560K, 100% used [0x00000000d5e00000,0x00000000d9f00000,0x00000000d9f00000)
  from space 5120K, 0% used [0x00000000d9f00000,0x00000000d9f00000,0x00000000da400000)
  to   space 5120K, 0% used [0x00000000de500000,0x00000000de500000,0x00000000dea00000)
 ParOldGen       total 171520K, used 70231K [0x0000000081a00000, 0x000000008c180000, 0x00000000d5e00000)
  object space 171520K, 40% used [0x0000000081a00000,0x0000000085e95e30,0x000000008c180000)
 Metaspace       used 3920K, capacity 5232K, committed 5376K, reserved 1056768K
  class space    used 408K, capacity 488K, committed 512K, reserved 1048576K
Event: 2.064 GC heap after
Heap after GC invocations=5 (full 1):
 PSYoungGen      total 80896K, used 5119K [0x00000000d5e00000, 0x00000000dea00000, 0x0000000100000000)
  eden space 75776K, 0% used [0x00000000d5e00000,0x00000000d5e00000,0x00000000da800000)
  from space 5120K, 99% used [0x00000000de500000,0x00000000de9ffd88,0x00000000dea00000)
  to   space 5120K, 0% used [0x00000000de000000,0x00000000de000000,0x00000000de500000)
 ParOldGen       total 171520K, used 105049K [0x0000000081a00000, 0x000000008c180000, 0x00000000d5e00000)
  object space 171520K, 61% used [0x0000000081a00000,0x0000000088096668,0x000000008c180000)
 Metaspace       used 3920K, capacity 5232K, committed 5376K, reserved 1056768K
  class space    used 408K, capacity 488K, committed 512K, reserved 1048576K
}
Event: 2.476 GC heap before
{Heap before GC invocations=6 (full 1):
 PSYoungGen      total 80896K, used 80895K [0x00000000d5e00000, 0x00000000dea00000, 0x0000000100000000)
  eden space 75776K, 100% used [0x00000000d5e00000,0x00000000da800000,0x00000000da800000)
  from space 5120K, 99% used [0x00000000de500000,0x00000000de9ffd88,0x00000000dea00000)
  to   space 5120K, 0% used [0x00000000de000000,0x00000000de000000,0x00000000de500000)
 ParOldGen       total 171520K, used 105049K [0x0000000081a00000, 0x000000008c180000, 0x00000000d5e00000)
  object space 171520K, 61% used [0x0000000081a00000,0x0000000088096668,0x000000008c180000)
 Metaspace       used 3998K, capacity 5296K, committed 5376K, reserved 1056768K
  class space    used 408K, capacity 488K, committed 512K, reserved 1048576K
Event: 2.485 GC heap after
Heap after GC invocations=6 (full 1):
 PSYoungGen      total 90112K, used 5119K [0x00000000d5e00000, 0x00000000e1900000, 0x0000000100000000)
  eden space 84992K, 0% used [0x00000000d5e00000,0x00000000d5e00000,0x00000000db100000)
  from space 5120K, 99% used [0x00000000de000000,0x00000000de4ffd88,0x00000000de500000)
  to   space 53248K, 0% used [0x00000000de500000,0x00000000de500000,0x00000000e1900000)
 ParOldGen       total 171520K, used 107456K [0x0000000081a00000, 0x000000008c180000, 0x00000000d5e00000)
  object space 171520K, 62% used [0x0000000081a00000,0x00000000882f0368,0x000000008c180000)
 Metaspace       used 3998K, capacity 5296K, committed 5376K, reserved 1056768K
  class space    used 408K, capacity 488K, committed 512K, reserved 1048576K
}
Event: 3.110 GC heap before
{Heap before GC invocations=7 (full 1):
 PSYoungGen      total 90112K, used 90111K [0x00000000d5e00000, 0x00000000e1900000, 0x0000000100000000)
  eden space 84992K, 100% used [0x00000000d5e00000,0x00000000db100000,0x00000000db100000)
  from space 5120K, 99% used [0x00000000de000000,0x00000000de4ffd88,0x00000000de500000)
  to   space 53248K, 0% used [0x00000000de500000,0x00000000de500000,0x00000000e1900000)
 ParOldGen       total 171520K, used 107456K [0x0000000081a00000, 0x000000008c180000, 0x00000000d5e00000)
  object space 171520K, 62% used [0x0000000081a00000,0x00000000882f0368,0x000000008c180000)
 Metaspace       used 4004K, capacity 5296K, committed 5376K, reserved 1056768K
  class space    used 408K, capacity 488K, committed 512K, reserved 1048576K
Event: 3.118 GC heap after
Heap after GC invocations=7 (full 1):
 PSYoungGen      total 138240K, used 7967K [0x00000000d5e00000, 0x00000000e1900000, 0x0000000100000000)
  eden space 84992K, 0% used [0x00000000d5e00000,0x00000000d5e00000,0x00000000db100000)
  from space 53248K, 14% used [0x00000000de500000,0x00000000decc7d88,0x00000000e1900000)
  to   space 5120K, 0% used [0x00000000de000000,0x00000000de000000,0x00000000de500000)
 ParOldGen       total 171520K, used 107456K [0x0000000081a00000, 0x000000008c180000, 0x00000000d5e00000)
  object space 171520K, 62% used [0x0000000081a00000,0x00000000882f0368,0x000000008c180000)
 Metaspace       used 4004K, capacity 5296K, committed 5376K, reserved 1056768K
  class space    used 408K, capacity 488K, committed 512K, reserved 1048576K
}

